<?xml version="1.0" encoding="UTF-8"?>
<!-- Generated by org.testng.reporters.JUnitReportReporter -->
<testsuite hostname="LAPTOP-QCE4AIJL" failures="0" tests="1" name="com.health.Health.ExplicitWait" time="12.271" errors="0" timestamp="09 Mar 2019 01:43:21 GMT" skipped="0">
  <testcase classname="com.health.Health.ExplicitWait" name="main" time="12.271"/>
</testsuite> <!-- com.health.Health.ExplicitWait -->
